Drill report for Samsung-VFD-Display.kicad_pcb
Created on 17.08.2023 14:48:07

Copper Layer Stackup:
    =============================================================
    L1 :  F.Cu                      front
    L2 :  B.Cu                      back


Drill file 'Samsung-VFD-Display-PTH-drl.gbr' contains
    plated through holes:
    =============================================================
    T1  0,600mm  0,0236"  (29 holes)
    T2  0,762mm  0,0300"  (15 holes)
    T3  0,800mm  0,0315"  (16 holes)
    T4  0,900mm  0,0354"  (3 holes)
    T5  1,000mm  0,0394"  (13 holes)  (with 3 slots)

    Total plated holes count 76


Drill file 'Samsung-VFD-Display-NPTH-drl.gbr' contains
    unplated through holes:
    =============================================================
    T1  2,700mm  0,1063"  (4 holes)

    Total unplated holes count 4
